2023-10-14 15:27:24,201  INFO:Added 3 tasks from a file
2023-10-14 15:27:41,990  INFO:scheduled argon
2023-10-14 15:49:40,460  INFO:Added 1 new employee
2023-10-14 15:49:40,460  INFO:Added 1 new employee
2023-10-14 15:49:40,460  INFO:Added 1 new employee
2023-10-14 15:49:40,461  INFO:Added 3 employees from a file
2023-10-14 15:49:45,610  INFO:Added 1 new task
2023-10-14 15:49:45,610  INFO:Added 1 new task
2023-10-14 15:49:45,610  INFO:Added 1 new task
2023-10-14 15:49:45,610  INFO:Added 3 tasks from a file
2023-10-14 15:49:48,466  INFO:scheduled argon
2023-10-14 15:50:59,113  INFO:Added 1 new employee
2023-10-14 15:50:59,113  INFO:Added 1 new employee
2023-10-14 15:50:59,114  INFO:Added 1 new employee
2023-10-14 15:50:59,114  INFO:Added 3 employees from a file
2023-10-14 15:51:05,508  INFO:Added 1 new task
2023-10-14 15:51:05,508  INFO:Added 1 new task
2023-10-14 15:51:05,508  INFO:Added 1 new task
2023-10-14 15:51:05,508  INFO:Added 3 tasks from a file
2023-10-14 15:51:15,415  INFO:scheduled argon
2023-10-14 15:53:19,984  INFO:Added 1 new employee
2023-10-14 15:53:19,985  INFO:Added 1 new employee
2023-10-14 15:53:19,985  INFO:Added 1 new employee
2023-10-14 15:53:19,985  INFO:Added 3 employees from a file
2023-10-14 15:53:34,010  INFO:Added 1 new task
2023-10-14 15:53:34,011  INFO:Added 1 new task
2023-10-14 15:53:34,011  INFO:Added 1 new task
2023-10-14 15:53:34,011  INFO:Added 3 tasks from a file
2023-10-14 15:53:35,860  INFO:scheduled argon
2023-10-14 15:53:57,276  INFO:Added 1 new employee
2023-10-14 15:53:57,277  INFO:Added 1 new employee
2023-10-14 15:53:57,277  INFO:Added 1 new employee
2023-10-14 15:53:57,277  INFO:Added 3 employees from a file
2023-10-14 15:54:07,457  INFO:Added 1 new task
2023-10-14 15:54:07,457  INFO:Added 1 new task
2023-10-14 15:54:07,458  INFO:Added 1 new task
2023-10-14 15:54:07,458  INFO:Added 3 tasks from a file
2023-10-14 15:57:55,927  INFO:scheduled argon
2023-10-14 16:01:06,791  INFO:Added 1 new employee
2023-10-14 16:01:06,791  INFO:Added 1 new employee
2023-10-14 16:01:06,792  INFO:Added 1 new employee
2023-10-14 16:01:06,792  INFO:Added 3 employees from a file
2023-10-14 16:01:12,362  INFO:Added 1 new task
2023-10-14 16:01:12,362  INFO:Added 1 new task
2023-10-14 16:01:12,362  INFO:Added 1 new task
2023-10-14 16:01:12,363  INFO:Added 3 tasks from a file
2023-10-14 16:01:14,494  INFO:scheduled argon
2023-10-14 16:01:14,494  INFO:scheduled xenon
2023-10-14 16:07:14,743  INFO:Added 1 new employee
2023-10-14 16:07:14,743  INFO:Added 1 new employee
2023-10-14 16:07:14,743  INFO:Added 1 new employee
2023-10-14 16:07:14,743  INFO:Added 3 employees from a file
2023-10-14 16:07:22,082  INFO:Added 1 new task
2023-10-14 16:07:22,082  INFO:Added 1 new task
2023-10-14 16:07:22,083  INFO:Added 1 new task
2023-10-14 16:07:22,083  INFO:Added 3 tasks from a file
2023-10-14 16:07:27,663  INFO:scheduled argon
2023-10-14 16:07:27,664  INFO:scheduled xenon
2023-10-14 16:08:13,076  INFO:Added 1 new employee
2023-10-14 16:08:13,078  INFO:Added 1 new employee
2023-10-14 16:08:13,078  INFO:Added 1 new employee
2023-10-14 16:08:13,079  INFO:Added 3 employees from a file
2023-10-14 16:08:17,479  INFO:Added 1 new task
2023-10-14 16:08:17,480  INFO:Added 1 new task
2023-10-14 16:08:17,480  INFO:Added 1 new task
2023-10-14 16:08:17,480  INFO:Added 3 tasks from a file
2023-10-14 16:10:43,644  INFO:scheduled argon
2023-10-14 16:12:38,717  INFO:scheduled xenon
2023-10-14 16:13:11,275  INFO:Added 1 new employee
2023-10-14 16:13:11,276  INFO:Added 1 new employee
2023-10-14 16:13:11,276  INFO:Added 1 new employee
2023-10-14 16:13:11,277  INFO:Added 3 employees from a file
2023-10-14 16:13:16,256  INFO:Added 1 new task
2023-10-14 16:13:16,256  INFO:Added 1 new task
2023-10-14 16:13:16,257  INFO:Added 1 new task
2023-10-14 16:13:16,257  INFO:Added 3 tasks from a file
2023-10-14 16:17:46,321  INFO:Added 1 new employee
2023-10-14 16:17:46,322  INFO:Added 1 new employee
2023-10-14 16:17:46,322  INFO:Added 1 new employee
2023-10-14 16:17:46,322  INFO:Added 3 employees from a file
2023-10-14 16:17:51,032  INFO:Added 1 new task
2023-10-14 16:17:51,032  INFO:Added 1 new task
2023-10-14 16:17:51,032  INFO:Added 1 new task
2023-10-14 16:17:51,032  INFO:Added 3 tasks from a file
2023-10-14 16:17:52,404  INFO:scheduled xenon
2023-10-14 16:19:32,151  INFO:Added 1 new employee
2023-10-14 16:19:32,151  INFO:Added 1 new employee
2023-10-14 16:19:32,151  INFO:Added 1 new employee
2023-10-14 16:19:32,152  INFO:Added 3 employees from a file
2023-10-14 16:19:38,880  INFO:Added 1 new task
2023-10-14 16:19:38,880  INFO:Added 1 new task
2023-10-14 16:19:38,880  INFO:Added 1 new task
2023-10-14 16:19:38,881  INFO:Added 3 tasks from a file
2023-10-14 16:20:05,976  INFO:scheduled argon
2023-10-14 16:20:54,388  INFO:Added 1 new employee
2023-10-14 16:20:54,390  INFO:Added 1 new employee
2023-10-14 16:20:54,390  INFO:Added 1 new employee
2023-10-14 16:20:54,390  INFO:Added 3 employees from a file
2023-10-14 16:20:59,515  INFO:Added 1 new task
2023-10-14 16:20:59,515  INFO:Added 1 new task
2023-10-14 16:20:59,516  INFO:Added 1 new task
2023-10-14 16:20:59,516  INFO:Added 3 tasks from a file
2023-10-14 16:21:01,019  INFO:scheduled xenon
2023-10-14 16:24:28,976  INFO:Added 1 new employee
2023-10-14 16:24:28,976  INFO:Added 1 new employee
2023-10-14 16:24:28,977  INFO:Added 1 new employee
2023-10-14 16:24:28,977  INFO:Added 3 employees from a file
2023-10-14 16:24:32,983  INFO:Added 1 new task
2023-10-14 16:24:32,984  INFO:Added 1 new task
2023-10-14 16:24:32,984  INFO:Added 1 new task
2023-10-14 16:24:32,984  INFO:Added 3 tasks from a file
2023-10-14 16:24:34,584  INFO:scheduled argon
2023-10-14 16:25:16,898  INFO:Added 1 new employee
2023-10-14 16:25:16,898  INFO:Added 1 new employee
2023-10-14 16:25:16,898  INFO:Added 1 new employee
2023-10-14 16:25:16,898  INFO:Added 3 employees from a file
2023-10-14 16:25:22,071  INFO:Added 1 new task
2023-10-14 16:25:22,072  INFO:Added 1 new task
2023-10-14 16:25:22,072  INFO:Added 1 new task
2023-10-14 16:25:22,072  INFO:Added 3 tasks from a file
2023-10-14 16:25:23,621  INFO:scheduled argon
2023-10-14 16:27:09,477  INFO:Added 1 new employee
2023-10-14 16:27:09,477  INFO:Added 1 new employee
2023-10-14 16:27:09,477  INFO:Added 1 new employee
2023-10-14 16:27:09,477  INFO:Added 3 employees from a file
2023-10-14 16:27:17,975  INFO:Added 1 new task
2023-10-14 16:27:17,975  INFO:Added 1 new task
2023-10-14 16:27:17,975  INFO:Added 1 new task
2023-10-14 16:27:17,975  INFO:Added 3 tasks from a file
2023-10-14 16:27:20,327  INFO:scheduled argon
2023-10-14 16:36:01,355  INFO:Added 1 new employee
2023-10-14 16:36:01,356  INFO:Added 1 new employee
2023-10-14 16:36:01,356  INFO:Added 1 new employee
2023-10-14 16:36:01,356  INFO:Added 3 employees from a file
2023-10-14 16:36:08,129  INFO:Added 1 new task
2023-10-14 16:36:08,129  INFO:Added 1 new task
2023-10-14 16:36:08,130  INFO:Added 1 new task
2023-10-14 16:36:08,130  INFO:Added 3 tasks from a file
2023-10-14 16:40:49,751  INFO:scheduled argon
2023-10-14 16:42:40,015  INFO:Added 1 new employee
2023-10-14 16:42:40,015  INFO:Added 1 new employee
2023-10-14 16:42:40,015  INFO:Added 1 new employee
2023-10-14 16:42:40,016  INFO:Added 3 employees from a file
2023-10-14 16:42:44,872  INFO:Added 1 new task
2023-10-14 16:42:44,872  INFO:Added 1 new task
2023-10-14 16:42:44,872  INFO:Added 1 new task
2023-10-14 16:42:44,872  INFO:Added 3 tasks from a file
2023-10-14 16:42:45,936  INFO:scheduled argon
2023-10-14 16:42:45,936  INFO:scheduled krypton
